# JRE version: OpenJDK Runtime Environment Temurin-17.0.18+8 (17.0.18+8) (build 17.0.18+8)
# Java VM: OpenJDK 64-Bit Server VM Temurin-17.0.18+8 (17.0.18+8, mixed mode, sharing, tiered, compressed oops, compressed class ptrs, g1 gc, windows-amd64)
GC Precious Log:
 CPUs: 4 total, 4 available
 Memory: 3517M
 Large Page Support: Disabled
 NUMA Support: Disabled
 Compressed Oops: Enabled (32-bit)
 Heap Region Size: 1M
 Heap Min Capacity: 8M
 Heap Initial Capacity: 56M
 Heap Max Capacity: 880M
 Pre-touch: Disabled
 Parallel Workers: 4
 Concurrent Workers: 1
 Concurrent Refinement Workers: 4
 Periodic GC: Disabled
Heap:
 garbage-first heap   total 184320K, used 142162K [0x00000000c9000000, 0x0000000100000000)
  region size 1024K, 74 young (75776K), 1 survivors (1024K)
 Metaspace       used 129105K, committed 129920K, reserved 1179648K
  class space    used 17594K, committed 17984K, reserved 1048576K
GC Heap History (20 events):
Event: 55.669 GC heap before
{Heap before GC invocations=36 (full 0):
 garbage-first heap   total 153600K, used 61769K [0x00000000c9000000, 0x0000000100000000)
  region size 1024K, 7 young (7168K), 5 survivors (5120K)
 Metaspace       used 58315K, committed 58816K, reserved 1114112K
  class space    used 7352K, committed 7552K, reserved 1048576K
}
Event: 55.708 GC heap after
{Heap after GC invocations=37 (full 0):
 garbage-first heap   total 153600K, used 51080K [0x00000000c9000000, 0x0000000100000000)
  region size 1024K, 1 young (1024K), 1 survivors (1024K)
 Metaspace       used 58315K, committed 58816K, reserved 1114112K
  class space    used 7352K, committed 7552K, reserved 1048576K
}
Event: 59.245 GC heap before
{Heap before GC invocations=37 (full 0):
 garbage-first heap   total 153600K, used 116616K [0x00000000c9000000, 0x0000000100000000)
  region size 1024K, 65 young (66560K), 1 survivors (1024K)
 Metaspace       used 67041K, committed 67648K, reserved 1114112K
  class space    used 8547K, committed 8832K, reserved 1048576K
}
Event: 59.279 GC heap after
{Heap after GC invocations=38 (full 0):
 garbage-first heap   total 310272K, used 54109K [0x00000000c9000000, 0x0000000100000000)
  region size 1024K, 4 young (4096K), 4 survivors (4096K)
 Metaspace       used 67041K, committed 67648K, reserved 1114112K
  class space    used 8547K, committed 8832K, reserved 1048576K
}
Event: 68.776 GC heap before
{Heap before GC invocations=39 (full 0):
 garbage-first heap   total 184320K, used 158557K [0x00000000c9000000, 0x0000000100000000)
  region size 1024K, 108 young (110592K), 4 survivors (4096K)
 Metaspace       used 86149K, committed 86848K, reserved 1179648K
  class space    used 11184K, committed 11520K, reserved 1048576K
}
Event: 68.858 GC heap after
{Heap after GC invocations=40 (full 0):
 garbage-first heap   total 184320K, used 56092K [0x00000000c9000000, 0x0000000100000000)
  region size 1024K, 8 young (8192K), 8 survivors (8192K)
 Metaspace       used 86149K, committed 86848K, reserved 1179648K
  class space    used 11184K, committed 11520K, reserved 1048576K
}
Event: 68.933 GC heap before
{Heap before GC invocations=40 (full 0):
 garbage-first heap   total 184320K, used 57116K [0x00000000c9000000, 0x0000000100000000)
  region size 1024K, 9 young (9216K), 8 survivors (8192K)
 Metaspace       used 86690K, committed 87424K, reserved 1179648K
  class space    used 11399K, committed 11776K, reserved 1048576K
}
Event: 69.040 GC heap after
{Heap after GC invocations=41 (full 0):
 garbage-first heap   total 184320K, used 55353K [0x00000000c9000000, 0x0000000100000000)
  region size 1024K, 1 young (1024K), 1 survivors (1024K)
 Metaspace       used 86690K, committed 87424K, reserved 1179648K
  class space    used 11399K, committed 11776K, reserved 1048576K
}
Event: 73.516 GC heap before
{Heap before GC invocations=41 (full 0):
 garbage-first heap   total 184320K, used 143417K [0x00000000c9000000, 0x0000000100000000)
  region size 1024K, 87 young (89088K), 1 survivors (1024K)
 Metaspace       used 98931K, committed 99712K, reserved 1179648K
  class space    used 13307K, committed 13696K, reserved 1048576K
}
Event: 73.526 GC heap after
{Heap after GC invocations=42 (full 0):
 garbage-first heap   total 184320K, used 58671K [0x00000000c9000000, 0x0000000100000000)
  region size 1024K, 5 young (5120K), 5 survivors (5120K)
 Metaspace       used 98931K, committed 99712K, reserved 1179648K
  class space    used 13307K, committed 13696K, reserved 1048576K
}
Event: 75.757 GC heap before
{Heap before GC invocations=42 (full 0):
 garbage-first heap   total 184320K, used 144687K [0x00000000c9000000, 0x0000000100000000)
  region size 1024K, 89 young (91136K), 5 survivors (5120K)
 Metaspace       used 104486K, committed 105280K, reserved 1179648K
  class space    used 14225K, committed 14592K, reserved 1048576K
}
Event: 75.772 GC heap after
{Heap after GC invocations=43 (full 0):
 garbage-first heap   total 184320K, used 62159K [0x00000000c9000000, 0x0000000100000000)
  region size 1024K, 8 young (8192K), 8 survivors (8192K)
 Metaspace       used 104486K, committed 105280K, reserved 1179648K
  class space    used 14225K, committed 14592K, reserved 1048576K
}
Event: 78.315 GC heap before
{Heap before GC invocations=43 (full 0):
 garbage-first heap   total 184320K, used 148175K [0x00000000c9000000, 0x0000000100000000)
  region size 1024K, 92 young (94208K), 8 survivors (8192K)
 Metaspace       used 112068K, committed 112768K, reserved 1179648K
  class space    used 15232K, committed 15552K, reserved 1048576K
}
Event: 78.401 GC heap after
{Heap after GC invocations=44 (full 0):
 garbage-first heap   total 184320K, used 66597K [0x00000000c9000000, 0x0000000100000000)
  region size 1024K, 8 young (8192K), 8 survivors (8192K)
 Metaspace       used 112068K, committed 112768K, reserved 1179648K
  class space    used 15232K, committed 15552K, reserved 1048576K
}
Event: 78.415 GC heap before
{Heap before GC invocations=44 (full 0):
 garbage-first heap   total 184320K, used 66597K [0x00000000c9000000, 0x0000000100000000)
  region size 1024K, 9 young (9216K), 8 survivors (8192K)
 Metaspace       used 112076K, committed 112768K, reserved 1179648K
  class space    used 15232K, committed 15552K, reserved 1048576K
}
Event: 78.481 GC heap after
{Heap after GC invocations=45 (full 0):
 garbage-first heap   total 184320K, used 66820K [0x00000000c9000000, 0x0000000100000000)
  region size 1024K, 5 young (5120K), 5 survivors (5120K)
 Metaspace       used 112076K, committed 112768K, reserved 1179648K
  class space    used 15232K, committed 15552K, reserved 1048576K
}
Event: 87.120 GC heap before
{Heap before GC invocations=46 (full 0):
 garbage-first heap   total 184320K, used 151812K [0x00000000c9000000, 0x0000000100000000)
  region size 1024K, 88 young (90112K), 5 survivors (5120K)
 Metaspace       used 120336K, committed 121216K, reserved 1179648K
  class space    used 16549K, committed 16960K, reserved 1048576K
}
Event: 87.188 GC heap after
{Heap after GC invocations=47 (full 0):
 garbage-first heap   total 184320K, used 69090K [0x00000000c9000000, 0x0000000100000000)
  region size 1024K, 7 young (7168K), 7 survivors (7168K)
 Metaspace       used 120336K, committed 121216K, reserved 1179648K
  class space    used 16549K, committed 16960K, reserved 1048576K
}
Event: 87.273 GC heap before
{Heap before GC invocations=47 (full 0):
 garbage-first heap   total 184320K, used 70114K [0x00000000c9000000, 0x0000000100000000)
  region size 1024K, 9 young (9216K), 7 survivors (7168K)
 Metaspace       used 120699K, committed 121536K, reserved 1179648K
  class space    used 16578K, committed 16960K, reserved 1048576K
}
Event: 87.370 GC heap after
{Heap after GC invocations=48 (full 0):
 garbage-first heap   total 184320K, used 68434K [0x00000000c9000000, 0x0000000100000000)
  region size 1024K, 1 young (1024K), 1 survivors (1024K)
 Metaspace       used 120699K, committed 121536K, reserved 1179648K
  class space    used 16578K, committed 16960K, reserved 1048576K
}

